生成启动时间为 2017/9/16 21:46:21。
     1>项目“N:\新建文件夹\吃豆人\吃豆人\吃豆人.vcxproj”在节点 2 上(build 个目标)。
     1>InitializeBuildStatus:
         正在创建“Release\吃豆人.unsuccessfulbuild”，因为已指定“AlwaysCreate”。
       ClCompile:
         所有输出均为最新。
         c:\Program Files (x86)\Microsoft Visual Studio 10.0\VC\bin\CL.exe /c /Zi /nologo /W3 /WX- /O2 /Oi /Oy- /GL /D WIN32 /D NDEBUG /D _CONSOLE /D _UNICODE /D UNICODE /Gm- /EHsc /MD /GS /Gy /fp:precise /Zc:wchar_t /Zc:forScope /Yu"StdAfx.h" /Fp"Release\吃豆人.pch" /Fo"Release\\" /Fd"Release\vc100.pdb" /Gd /TP /analyze- /errorReport:prompt "吃豆人.cpp"
         吃豆人.cpp
       Link:
         c:\Program Files (x86)\Microsoft Visual Studio 10.0\VC\bin\link.exe /ERRORREPORT:PROMPT /OUT:"N:\新建文件夹\吃豆人\Release\吃豆人.exe" /INCREMENTAL:NO /NOLOGO kernel32.lib user32.lib gdi32.lib winspool.lib comdlg32.lib advapi32.lib shell32.lib ole32.lib oleaut32.lib uuid.lib odbc32.lib odbccp32.lib /MANIFEST /ManifestFile:"Release\吃豆人.exe.intermediate.manifest" /MANIFESTUAC:"level='asInvoker' uiAccess='false'" /DEBUG /PDB:"N:\新建文件夹\吃豆人\Release\吃豆人.pdb" /SUBSYSTEM:CONSOLE /OPT:REF /OPT:ICF /LTCG /TLBID:1 /DYNAMICBASE /NXCOMPAT /IMPLIB:"N:\新建文件夹\吃豆人\Release\吃豆人.lib" /MACHINE:X86 Release\stdafx.obj
         "Release\吃豆人.obj"
         正在生成代码
         已完成代码的生成
         吃豆人.vcxproj -> N:\新建文件夹\吃豆人\Release\吃豆人.exe
       Manifest:
         c:\Program Files (x86)\Microsoft SDKs\Windows\v7.0A\bin\mt.exe /nologo /verbose /outputresource:"N:\新建文件夹\吃豆人\Release\吃豆人.exe;#1" /manifest "Release\吃豆人.exe.intermediate.manifest"
       FinalizeBuildStatus:
         正在删除文件“Release\吃豆人.unsuccessfulbuild”。
         正在对“Release\吃豆人.lastbuildstate”执行 Touch 任务。
     1>已完成生成项目“N:\新建文件夹\吃豆人\吃豆人\吃豆人.vcxproj”(build 个目标)的操作。

生成成功。

已用时间 00:00:05.90
